0 info it worked if it ends with ok
1 verbose cli [ 'C:\\Program Files\\nodejs\\node.exe',
1 verbose cli   'C:\\Program Files\\nodejs\\node_modules\\npm\\bin\\npm-cli.js',
1 verbose cli   'install',
1 verbose cli   'ugulift-js',
1 verbose cli   '--save' ]
2 info using npm@2.14.20
3 info using node@v4.4.0
4 verbose install initial load of C:\Users\ncl\Desktop\마이스아이티\front-end-start\10\package.json
5 verbose installManyTop reading scoped package data from C:\Users\ncl\Desktop\마이스아이티\front-end-start\10\node_modules\concat-files\package.json
6 verbose installManyTop reading scoped package data from C:\Users\ncl\Desktop\마이스아이티\front-end-start\10\node_modules\git\package.json
7 verbose installManyTop reading scoped package data from C:\Users\ncl\Desktop\마이스아이티\front-end-start\10\node_modules\pretty-bytes\package.json
8 verbose installManyTop reading scoped package data from C:\Users\ncl\Desktop\마이스아이티\front-end-start\10\node_modules\uglify-js\package.json
9 info package.json git@0.1.5 No license field.
10 verbose readDependencies loading dependencies from C:\Users\ncl\Desktop\마이스아이티\front-end-start\10\package.json
11 silly cache add args [ 'ugulift-js', null ]
12 verbose cache add spec ugulift-js
13 silly cache add parsed spec Result {
13 silly cache add   raw: 'ugulift-js',
13 silly cache add   scope: null,
13 silly cache add   name: 'ugulift-js',
13 silly cache add   rawSpec: '',
13 silly cache add   spec: 'latest',
13 silly cache add   type: 'tag' }
14 silly addNamed ugulift-js@latest
15 verbose addNamed "latest" is being treated as a dist-tag for ugulift-js
16 info addNameTag [ 'ugulift-js', 'latest' ]
17 silly mapToRegistry name ugulift-js
18 silly mapToRegistry using default registry
19 silly mapToRegistry registry https://registry.npmjs.org/
20 silly mapToRegistry uri https://registry.npmjs.org/ugulift-js
21 verbose addNameTag registry:https://registry.npmjs.org/ugulift-js not in flight; fetching
22 verbose request uri https://registry.npmjs.org/ugulift-js
23 verbose request no auth needed
24 info attempt registry request try #1 at 18:10:02
25 verbose request id f833ebf2419cde1d
26 http request GET https://registry.npmjs.org/ugulift-js
27 http 404 https://registry.npmjs.org/ugulift-js
28 verbose headers { 'content-type': 'application/json',
28 verbose headers   'cache-control': 'max-age=0',
28 verbose headers   'content-length': '2',
28 verbose headers   'accept-ranges': 'bytes',
28 verbose headers   date: 'Thu, 19 May 2016 09:09:49 GMT',
28 verbose headers   via: '1.1 varnish',
28 verbose headers   age: '0',
28 verbose headers   connection: 'keep-alive',
28 verbose headers   'x-served-by': 'cache-nrt6128-NRT',
28 verbose headers   'x-cache': 'MISS',
28 verbose headers   'x-cache-hits': '0',
28 verbose headers   'x-timer': 'S1463648989.584246,VS0,VE141',
28 verbose headers   vary: 'Accept-Encoding' }
29 silly get cb [ 404,
29 silly get   { 'content-type': 'application/json',
29 silly get     'cache-control': 'max-age=0',
29 silly get     'content-length': '2',
29 silly get     'accept-ranges': 'bytes',
29 silly get     date: 'Thu, 19 May 2016 09:09:49 GMT',
29 silly get     via: '1.1 varnish',
29 silly get     age: '0',
29 silly get     connection: 'keep-alive',
29 silly get     'x-served-by': 'cache-nrt6128-NRT',
29 silly get     'x-cache': 'MISS',
29 silly get     'x-cache-hits': '0',
29 silly get     'x-timer': 'S1463648989.584246,VS0,VE141',
29 silly get     vary: 'Accept-Encoding' } ]
30 verbose stack Error: Registry returned 404 for GET on https://registry.npmjs.org/ugulift-js
30 verbose stack     at makeError (C:\Program Files\nodejs\node_modules\npm\node_modules\npm-registry-client\lib\request.js:264:12)
30 verbose stack     at CachingRegistryClient.<anonymous> (C:\Program Files\nodejs\node_modules\npm\node_modules\npm-registry-client\lib\request.js:242:14)
30 verbose stack     at Request._callback (C:\Program Files\nodejs\node_modules\npm\node_modules\npm-registry-client\lib\request.js:172:14)
30 verbose stack     at Request.self.callback (C:\Program Files\nodejs\node_modules\npm\node_modules\request\request.js:199:22)
30 verbose stack     at emitTwo (events.js:87:13)
30 verbose stack     at Request.emit (events.js:172:7)
30 verbose stack     at Request.<anonymous> (C:\Program Files\nodejs\node_modules\npm\node_modules\request\request.js:1036:10)
30 verbose stack     at emitOne (events.js:82:20)
30 verbose stack     at Request.emit (events.js:169:7)
30 verbose stack     at IncomingMessage.<anonymous> (C:\Program Files\nodejs\node_modules\npm\node_modules\request\request.js:963:12)
31 verbose statusCode 404
32 verbose pkgid ugulift-js
33 verbose cwd C:\Users\ncl\Desktop\마이스아이티\front-end-start\10
34 error Windows_NT 6.1.7601
35 error argv "C:\\Program Files\\nodejs\\node.exe" "C:\\Program Files\\nodejs\\node_modules\\npm\\bin\\npm-cli.js" "install" "ugulift-js" "--save"
36 error node v4.4.0
37 error npm  v2.14.20
38 error code E404
39 error 404 Registry returned 404 for GET on https://registry.npmjs.org/ugulift-js
39 error 404
39 error 404 'ugulift-js' is not in the npm registry.
39 error 404 You should bug the author to publish it (or use the name yourself!)
39 error 404
39 error 404 Note that you can also install from a
39 error 404 tarball, folder, http url, or git url.
40 verbose exit [ 1, true ]
